OK core gate: countermodel proof-safety gates (non-promotion guards, 0.261s)
OK core gate: result-language boundary scan (non-promotion guards, 0.396s)
OK core gate: output artifact status manifest (non-promotion guards, 0.249s)
OK core gate: output reference integrity (non-promotion guards, 0.541s)
OK core gate: proof-claim ledger (non-promotion guards, 0.258s)
OK core gate: signed-Hankel/Jensen dependency graph (non-promotion guards, 0.194s)
OK core gate: signed-Hankel finite certificates (promoted finite evidence, 0.256s)
OK core gate: Toeplitz/PF finite certificates (promoted finite evidence, 0.326s)
OK core gate: Toeplitz/Jacobi-Trudi reindexing (exact theorem-search algebra, 2.386s)
OK core gate: Hankel sign-consistency reduction point audits (finite theorem-search diagnostics, 0.187s)
OK core gate: Hankel sign-consistency reduction finite certificates (promoted finite evidence, 8.358s)
OK core gate: shifted Hankel staircase finite certificates (promoted finite evidence, 38.132s)
OK core gate: Jensen/Hankel bridge algebra gate (exact theorem-search algebra, 0.147s)
OK core gate: Jensen-window PF obligation algebra gate (exact theorem-search algebra, 0.148s)
OK core gate: Arb Jensen-window PF obligation finite diagnostics (finite theorem-search diagnostics, 0.149s)
OK core gate: Arb Jensen-window Sturm hyperbolicity finite diagnostics (finite theorem-search diagnostics, 0.159s)
OK core gate: Arb Jensen-window Sturm degree-5 hyperbolicity finite diagnostics (finite theorem-search diagnostics, 0.183s)
OK core gate: finite Sturm-to-PF Jensen-window consequences (promoted finite evidence, 0.21s)
OK core gate: signed-Hankel/Jensen bridge target specification (open theorem target hygiene, 0.241s)
OK core gate: Jensen-window PF bridge target (open theorem target hygiene, 0.243s)
OK core gate: Jensen-window PF bridge obligation ledger (open theorem target hygiene, 0.235s)
OK core gate: Jensen-window PF theorem machinery fit matrix (open theorem target hygiene, 0.245s)
OK core gate: Jensen-window PF sign-regular transfer gap matrix (finite theorem-search diagnostics, 0.289s)
OK core gate: Jensen-window PF factorial multiplier split audit (finite theorem-search diagnostics, 0.291s)
OK core gate: Jensen-window PF structural ansatz matrix (open theorem target hygiene, 0.2s)
OK core gate: Jensen-window PF Schur shape contract (exact theorem-search algebra, 0.144s)
OK core gate: Jensen-window PF column recurrence contract (exact theorem-search algebra, 0.169s)
OK core gate: Jensen-window PF column recurrence finite coverage (finite theorem-search diagnostics, 0.181s)
OK core gate: Arb Jensen-window column recurrence stress (finite theorem-search diagnostics, 0.327s)
OK core gate: Jensen-window PF reciprocal coefficient extended stress (finite theorem-search diagnostics, 1.053s)
OK core gate: Jensen-window PF reciprocal positivity route matrix (open theorem target hygiene, 0.174s)
OK core gate: Jensen-window PF reciprocal fraction scout (finite theorem-search diagnostics, 0.166s)
OK core gate: Jensen-window PF reciprocal signed J-fraction scout (finite theorem-search diagnostics, 0.199s)
OK core gate: Jensen-window PF reciprocal signed Jacobi beta scout (finite theorem-search diagnostics, 0.179s)
OK core gate: Jensen-window PF reciprocal Motzkin path obstruction scout (finite theorem-search diagnostics, 0.177s)
OK core gate: Jensen-window PF reciprocal Motzkin parity-lift obstruction scout (finite theorem-search diagnostics, 0.231s)
OK core gate: Jensen-window PF signed J-fraction theorem target (open theorem target hygiene, 0.149s)
OK core gate: Jensen-window PF modified signed-model target (open theorem target hygiene, 0.152s)
OK core gate: Jensen-window PF oscillatory resolvent fit matrix (open theorem target hygiene, 0.15s)
OK core gate: Jensen-window PF positive readout theorem target (open theorem target hygiene, 0.153s)
OK core gate: Jensen-window PF positive spectral moment obstruction (finite theorem-search diagnostics, 0.215s)
OK core gate: Jensen-window PF nonordinary positive transform ansatz matrix (open theorem target hygiene, 0.176s)
OK core gate: Jensen-window PF nonpower functional low-degree scout (exact theorem-search algebra, 0.179s)
OK core gate: Jensen-window PF nonpower functional cone candidate matrix (open theorem target hygiene, 0.187s)
OK core gate: Jensen-window PF Cauchy-Binet cone frontier matrix (open theorem target hygiene, 0.163s)
OK core gate: Jensen-window PF monotone contraction frontier scout (exact theorem-search algebra, 0.156s)
OK core gate: Jensen-window PF monotone-contraction column extension scout (exact theorem-search algebra, 0.146s)
OK core gate: Jensen-window PF monotone-contraction sparse degree-6 scout (exact theorem-search algebra, 3.027s)
OK core gate: Jensen-window PF monotone-contraction sparse degree-7 frontier scout (exact theorem-search algebra, 126.011s)
OK core gate: Jensen-window PF monotone-contraction sparse degree-7 subdivision scout (exact theorem-search algebra, 50.726s)
OK core gate: Jensen-window PF monotone-contraction all-m counterexample (non-promotion guards, 0.147s)
OK core gate: Jensen-window PF monotone contraction theorem target (open theorem target hygiene, 0.164s)
OK core gate: Jensen-window PF heat-flow monotone closure scout (finite theorem-search diagnostics, 0.231s)
OK core gate: Jensen-window PF heat-flow boundary threshold lemma (exact theorem-search algebra, 0.237s)
OK core gate: Jensen-window PF heat-flow ratio cone invariance lemma (exact theorem-search algebra, 0.27s)
OK core gate: Jensen-window PF heat-flow cone-entry asymptotic target (open theorem target hygiene, 0.188s)
OK core gate: Jensen-window PF Phi Taylor cone-entry sign scout (promoted finite evidence, 0.239s)
OK core gate: Jensen-window PF negative-lambda cone-entry prefix scout (promoted finite evidence, 0.247s)
OK core gate: Jensen-window PF negative-lambda cone-entry prefix k30 scout (promoted finite evidence, 0.218s)
OK core gate: Jensen-window PF negative-lambda cone-entry prefix k50 scout (promoted finite evidence, 0.256s)
OK core gate: Jensen-window PF negative-lambda cone-entry prefix k60 scout (promoted finite evidence, 0.254s)
OK core gate: Jensen-window PF negative-lambda cone-entry prefix k80 scout (promoted finite evidence, 0.266s)
OK core gate: Jensen-window PF negative-lambda cone-entry prefix k100 scout (promoted finite evidence, 0.269s)
OK core gate: Jensen-window PF negative-lambda cone-entry prefix k150 scout (promoted finite evidence, 0.282s)
OK core gate: Jensen-window PF negative-lambda cone-entry prefix k200 scout (promoted finite evidence, 0.261s)
OK core gate: Jensen-window PF negative-lambda finite-collar contract (finite theorem-search diagnostics, 0.235s)
OK core gate: Jensen-window PF negative-lambda finite-collar k30 contract (finite theorem-search diagnostics, 0.206s)
OK core gate: Jensen-window PF negative-lambda finite-collar k50 contract (finite theorem-search diagnostics, 0.241s)
OK core gate: Jensen-window PF negative-lambda finite-collar k60 contract (finite theorem-search diagnostics, 0.241s)
OK core gate: Jensen-window PF negative-lambda finite-collar k80 contract (finite theorem-search diagnostics, 0.246s)
OK core gate: Jensen-window PF negative-lambda finite-collar k100 contract (finite theorem-search diagnostics, 0.262s)
OK core gate: Jensen-window PF negative-lambda finite-collar k150 contract (finite theorem-search diagnostics, 0.262s)
OK core gate: Jensen-window PF negative-lambda finite-collar k200 contract (finite theorem-search diagnostics, 0.285s)
OK core gate: Jensen-window PF negative-lambda tail-barrier scout (finite theorem-search diagnostics, 0.385s)
OK core gate: Jensen-window PF negative-lambda tail-barrier k30 scout (finite theorem-search diagnostics, 0.279s)
OK core gate: Jensen-window PF negative-lambda tail-barrier k50 scout (finite theorem-search diagnostics, 0.283s)
OK core gate: Jensen-window PF negative-lambda tail-barrier k60 scout (finite theorem-search diagnostics, 0.348s)
OK core gate: Jensen-window PF negative-lambda tail-barrier k80 scout (finite theorem-search diagnostics, 0.338s)
OK core gate: Jensen-window PF negative-lambda tail-barrier k100 scout (finite theorem-search diagnostics, 0.284s)
OK core gate: Jensen-window PF negative-lambda tail-barrier k150 scout (finite theorem-search diagnostics, 0.361s)
OK core gate: Jensen-window PF negative-lambda tail-barrier k200 scout (finite theorem-search diagnostics, 0.322s)
OK core gate: Jensen-window PF negative-lambda scaled-defect frontier k50 scout (finite theorem-search diagnostics, 0.221s)
OK core gate: Jensen-window PF negative-lambda scaled-defect frontier k60 scout (finite theorem-search diagnostics, 0.268s)
OK core gate: Jensen-window PF negative-lambda scaled-defect frontier k80 scout (finite theorem-search diagnostics, 0.331s)
OK core gate: Jensen-window PF negative-lambda scaled-defect frontier k100 scout (finite theorem-search diagnostics, 0.306s)
OK core gate: Jensen-window PF negative-lambda scaled-defect frontier k150 scout (finite theorem-search diagnostics, 0.267s)
OK core gate: Jensen-window PF negative-lambda scaled-defect frontier k200 scout (finite theorem-search diagnostics, 0.346s)
OK core gate: Jensen-window PF negative-lambda defect-recurrence scout (finite theorem-search diagnostics, 0.289s)
OK core gate: Jensen-window PF negative-lambda log-curvature bridge (finite theorem-search diagnostics, 0.33s)
OK core gate: Jensen-window PF negative-lambda bounded log-curvature target (finite theorem-search diagnostics, 0.383s)
OK core gate: Jensen-window PF negative-lambda bounded log-curvature k300 obstruction (non-promotion guards, 0.602s)
OK core gate: Jensen-window PF negative-lambda Gaussian curvature matrix (finite theorem-search diagnostics, 0.287s)
OK core gate: Jensen-window PF negative-lambda signed Gaussian perturbation matrix (finite theorem-search diagnostics, 0.244s)
OK core gate: Jensen-window PF negative-lambda uniform remainder target (open theorem target hygiene, 0.257s)
OK core gate: Jensen-window PF negative-lambda Taylor moment budget (finite theorem-search diagnostics, 0.227s)
OK core gate: Jensen-window PF negative-lambda high-order Taylor scout (finite theorem-search diagnostics, 0.259s)
OK core gate: Jensen-window PF negative-lambda defect-tail theorem target (open theorem target hygiene, 0.179s)
OK core gate: Jensen-window PF negative-lambda half-width tail target (open theorem target hygiene, 0.173s)
OK core gate: Jensen-window PF negative-lambda adaptive scaled-defect target (open theorem target hygiene, 0.174s)
OK core gate: Jensen-window PF negative-lambda adaptive envelope matrix (finite theorem-search diagnostics, 0.36s)
OK core gate: Jensen-window PF negative-lambda adaptive envelope obligations (exact theorem-search algebra, 1.749s)
OK core gate: Jensen-window PF negative-lambda raw-moment bridge matrix (exact theorem-search algebra, 1.74s)
OK core gate: Jensen-window PF negative-lambda raw-ratio decrement-corridor scout (finite theorem-search diagnostics, 1.494s)
OK core gate: Jensen-window PF negative-lambda k300 precision-repair audit (finite theorem-search diagnostics, 0.353s)
OK core gate: Jensen-window PF negative-lambda raw-log decrement bridge (exact theorem-search algebra, 2.016s)
OK core gate: Jensen-window PF negative-lambda coefficient-curvature corridor bridge (exact theorem-search algebra, 1.949s)
OK core gate: Jensen-window PF negative-lambda linear curvature-barrier scout (exact theorem-search algebra, 1.841s)
OK core gate: Jensen-window PF negative-lambda scaled-curvature monotonicity target (open theorem target hygiene, 1.698s)
OK core gate: Jensen-window PF negative-lambda scaled-curvature log-ceiling bridge (exact theorem-search algebra, 2.213s)
OK core gate: Jensen-window PF negative-lambda relative-Gaussian curvature bridge (exact theorem-search algebra, 2.22s)
OK core gate: Jensen-window PF negative-lambda relative-Gaussian Taylor stencil scout (finite theorem-search diagnostics, 2.878s)
OK core gate: Jensen-window PF negative-lambda relative-Gaussian stencil remainder obligations (exact theorem-search algebra, 1.65s)
OK core gate: Jensen-window PF negative-lambda relative-Gaussian pointwise tail budget (exact theorem-search algebra, 1.283s)
OK core gate: Jensen-window PF negative-lambda relative-Gaussian next-increment stencil stress (finite theorem-search diagnostics, 2.133s)
OK core gate: Jensen-window PF negative-lambda relative-Gaussian degree-16 stencil continuation (finite theorem-search diagnostics, 0.599s)
OK core gate: Jensen-window PF negative-lambda relative-Gaussian degree-16 collar scan (finite theorem-search diagnostics, 4.21s)
OK core gate: Jensen-window PF negative-lambda relative-Gaussian degree-16 real-T collar scout (finite theorem-search diagnostics, 52.082s)
OK core gate: Jensen-window PF negative-lambda relative-Gaussian degree-16 Arb real-T collar certificate (finite theorem-search diagnostics, 0.314s)
OK core gate: Jensen-window PF negative-lambda relative-Gaussian degree-40 Arb collar ladder stress (finite theorem-search diagnostics, 3.992s)
OK core gate: Jensen-window PF negative-lambda relative-Gaussian degree-40 residual tail budget (exact theorem-search algebra, 7.179s)
OK core gate: Jensen-window PF negative-lambda relative-Gaussian formal-tail obstruction scout (finite theorem-search diagnostics, 211.63s)
OK core gate: Jensen-window PF negative-lambda relative-Gaussian asymptotic remainder target (exact theorem-search algebra, 0.333s)
OK core gate: Jensen-window PF negative-lambda relative-Gaussian actual endpoint remainder scout (finite theorem-search diagnostics, 3.449s)
OK core gate: Jensen-window PF negative-lambda relative-Gaussian cancellation-reduced remainder grid scout (finite theorem-search diagnostics, 168.094s)
OK core gate: Jensen-window PF negative-lambda relative-Gaussian intervalization target (open theorem target hygiene, 0.222s)
OK core gate: Jensen-window PF negative-lambda relative-Gaussian Phi tail bound scout (finite theorem-search diagnostics, 1.264s)
OK core gate: Jensen-window PF negative-lambda relative-Gaussian node-c0 range certificate (finite theorem-search diagnostics, 0.244s)
OK core gate: Jensen-window PF negative-lambda relative-Gaussian Phi-tail grid certificate (finite theorem-search diagnostics, 0.199s)
OK core gate: Jensen-window PF negative-lambda relative-Gaussian quadrature ladder scout (finite theorem-search diagnostics, 17.844s)
OK core gate: Jensen-window PF negative-lambda relative-Gaussian quadrature-remainder route matrix (finite theorem-search diagnostics, 0.33s)
OK core gate: Jensen-window PF negative-lambda relative-Gaussian worst-row far-tail split certificate (finite theorem-search diagnostics, 1.367s)
OK core gate: Jensen-window PF negative-lambda relative-Gaussian worst-row compact-interval integration scout (finite theorem-search diagnostics, 1.816s)
OK core gate: Jensen-window PF negative-lambda relative-Gaussian worst-row Chebyshev panel-moment scout (finite theorem-search diagnostics, 23.501s)
OK core gate: Jensen-window PF negative-lambda relative-Gaussian worst-row Arb Chebyshev interpolant-moment scout (finite theorem-search diagnostics, 5.724s)
OK core gate: Jensen-window PF negative-lambda relative-Gaussian worst-row interpolation-remainder route matrix (finite theorem-search diagnostics, 0.341s)
OK core gate: Jensen-window PF negative-lambda relative-Gaussian endpoint parity-repair matrix (finite theorem-search diagnostics, 0.392s)
OK core gate: Jensen-window PF negative-lambda relative-Gaussian endpoint x-panel route matrix (finite theorem-search diagnostics, 0.197s)
OK core gate: Jensen-window PF negative-lambda relative-Gaussian first-omitted denominator certificate (finite theorem-search diagnostics, 0.962s)
OK core gate: Jensen-window PF negative-lambda relative-Gaussian coefficient-core propagation certificate (finite theorem-search diagnostics, 0.899s)
OK core gate: Jensen-window PF negative-lambda relative-Gaussian worst-row Laguerre root-bracket certificate (finite theorem-search diagnostics, 27.843s)
OK core gate: Jensen-window PF negative-lambda relative-Gaussian worst-row Christoffel-weight midpoint scout (finite theorem-search diagnostics, 2.235s)
OK core gate: Jensen-window PF negative-lambda relative-Gaussian worst-row Christoffel-weight interval certificate (finite theorem-search diagnostics, 65.706s)
OK core gate: Jensen-window PF negative-lambda relative-Gaussian worst-row finite-part weighted-sum interval certificate (finite theorem-search diagnostics, 247.089s)
OK core gate: Jensen-window PF negative-lambda relative-Gaussian worst-row finite-plus-tail budget certificate (finite theorem-search diagnostics, 0.231s)
OK core gate: Jensen-window PF negative-lambda raw-moment obstruction matrix (non-promotion guards, 0.264s)
OK core gate: Jensen-window PF negative-lambda zeta-specific raw-corridor target (open theorem target hygiene, 1.958s)
OK core gate: Jensen-window PF monotone contraction stress (finite theorem-search diagnostics, 0.224s)
OK core gate: Jensen-window PF state-space sign-lift obstruction scout (finite theorem-search diagnostics, 0.221s)
OK core gate: Jensen-window PF Cauchy-Binet low-degree scout (exact theorem-search algebra, 0.238s)
OK core gate: Jensen-window PF log-concavity frontier scout (exact theorem-search algebra, 0.227s)
OK core gate: Jensen-window PF ratio-condition scout (exact theorem-search algebra, 0.231s)
OK core gate: Jensen-window PF contraction-log-concavity scout (exact theorem-search algebra, 0.259s)
OK core gate: sign-regularity theorem fit matrix (open theorem target hygiene, 0.235s)
OK core gate: positive Schur-specialization target note (open theorem target hygiene, 0.222s)
OK core gate: Edrei-log sign diagnostics (promoted finite evidence, 0.219s)
OK core gate: Edrei power-Hankel diagnostics (promoted finite evidence, 3.035s)
OK core gate: Edrei midpoint frontier non-promotion guard (non-promotion guards, 0.219s)
OK core gate: Edrei power-Hankel boundary repair manifest (promoted finite evidence, 0.219s)
OK core gate: Edrei moment-recurrence scout manifest (finite theorem-search diagnostics, 0.221s)
validated 159/159 core proof-programme gates
