OK core gate: countermodel proof-safety gates (non-promotion guards, 0.725s)
OK core gate: result-language boundary scan (non-promotion guards, 1.253s)
OK core gate: output artifact status manifest (non-promotion guards, 0.544s)
OK core gate: output reference integrity (non-promotion guards, 1.59s)
OK core gate: proof-claim ledger (non-promotion guards, 0.909s)
OK core gate: signed-Hankel/Jensen dependency graph (non-promotion guards, 0.874s)
OK core gate: signed-Hankel finite certificates (promoted finite evidence, 0.722s)
OK core gate: Toeplitz/PF finite certificates (promoted finite evidence, 0.676s)
OK core gate: Toeplitz/Jacobi-Trudi reindexing (exact theorem-search algebra, 4.075s)
OK core gate: Hankel sign-consistency reduction point audits (finite theorem-search diagnostics, 0.577s)
OK core gate: Hankel sign-consistency reduction finite certificates (promoted finite evidence, 15.688s)
OK core gate: shifted Hankel staircase finite certificates (promoted finite evidence, 55.286s)
OK core gate: Jensen/Hankel bridge algebra gate (exact theorem-search algebra, 0.245s)
OK core gate: Jensen-window PF obligation algebra gate (exact theorem-search algebra, 0.27s)
OK core gate: Arb Jensen-window PF obligation finite diagnostics (finite theorem-search diagnostics, 0.281s)
OK core gate: Arb Jensen-window Sturm hyperbolicity finite diagnostics (finite theorem-search diagnostics, 0.281s)
OK core gate: Arb Jensen-window Sturm degree-5 hyperbolicity finite diagnostics (finite theorem-search diagnostics, 0.229s)
OK core gate: finite Sturm-to-PF Jensen-window consequences (promoted finite evidence, 0.219s)
OK core gate: signed-Hankel/Jensen bridge target specification (open theorem target hygiene, 0.183s)
OK core gate: Jensen-window PF bridge target (open theorem target hygiene, 0.252s)
OK core gate: Jensen-window PF bridge obligation ledger (open theorem target hygiene, 0.24s)
OK core gate: Jensen-window PF theorem machinery fit matrix (open theorem target hygiene, 0.226s)
OK core gate: Jensen-window PF sign-regular transfer gap matrix (finite theorem-search diagnostics, 0.214s)
OK core gate: Jensen-window PF factorial multiplier split audit (finite theorem-search diagnostics, 0.27s)
OK core gate: Jensen-window PF structural ansatz matrix (open theorem target hygiene, 0.241s)
OK core gate: Jensen-window PF Schur shape contract (exact theorem-search algebra, 0.213s)
OK core gate: Jensen-window PF column recurrence contract (exact theorem-search algebra, 0.247s)
OK core gate: Jensen-window PF column recurrence finite coverage (finite theorem-search diagnostics, 0.225s)
OK core gate: Arb Jensen-window column recurrence stress (finite theorem-search diagnostics, 0.336s)
OK core gate: Jensen-window PF reciprocal coefficient extended stress (finite theorem-search diagnostics, 1.141s)
OK core gate: Jensen-window PF reciprocal positivity route matrix (open theorem target hygiene, 0.225s)
OK core gate: Jensen-window PF reciprocal fraction scout (finite theorem-search diagnostics, 0.225s)
OK core gate: Jensen-window PF reciprocal signed J-fraction scout (finite theorem-search diagnostics, 0.349s)
OK core gate: Jensen-window PF reciprocal signed Jacobi beta scout (finite theorem-search diagnostics, 0.394s)
OK core gate: Jensen-window PF reciprocal Motzkin path obstruction scout (finite theorem-search diagnostics, 0.336s)
OK core gate: Jensen-window PF reciprocal Motzkin parity-lift obstruction scout (finite theorem-search diagnostics, 0.44s)
OK core gate: Jensen-window PF signed J-fraction theorem target (open theorem target hygiene, 0.42s)
OK core gate: Jensen-window PF modified signed-model target (open theorem target hygiene, 0.432s)
OK core gate: Jensen-window PF oscillatory resolvent fit matrix (open theorem target hygiene, 0.298s)
OK core gate: Jensen-window PF positive readout theorem target (open theorem target hygiene, 0.298s)
OK core gate: Jensen-window PF positive spectral moment obstruction (finite theorem-search diagnostics, 0.503s)
OK core gate: Jensen-window PF nonordinary positive transform ansatz matrix (open theorem target hygiene, 0.568s)
OK core gate: Jensen-window PF nonpower functional low-degree scout (exact theorem-search algebra, 0.385s)
OK core gate: Jensen-window PF nonpower functional cone candidate matrix (open theorem target hygiene, 0.288s)
OK core gate: Jensen-window PF Cauchy-Binet cone frontier matrix (open theorem target hygiene, 0.276s)
OK core gate: Jensen-window PF monotone contraction frontier scout (exact theorem-search algebra, 0.219s)
OK core gate: Jensen-window PF monotone-contraction column extension scout (exact theorem-search algebra, 0.231s)
OK core gate: Jensen-window PF monotone-contraction all-m counterexample (non-promotion guards, 0.198s)
OK core gate: Jensen-window PF monotone contraction theorem target (open theorem target hygiene, 0.228s)
OK core gate: Jensen-window PF heat-flow monotone closure scout (finite theorem-search diagnostics, 0.375s)
OK core gate: Jensen-window PF heat-flow boundary threshold lemma (exact theorem-search algebra, 0.363s)
OK core gate: Jensen-window PF heat-flow ratio cone invariance lemma (exact theorem-search algebra, 0.307s)
OK core gate: Jensen-window PF heat-flow cone-entry asymptotic target (open theorem target hygiene, 0.233s)
OK core gate: Jensen-window PF Phi Taylor cone-entry sign scout (promoted finite evidence, 0.344s)
OK core gate: Jensen-window PF negative-lambda cone-entry prefix scout (promoted finite evidence, 0.346s)
OK core gate: Jensen-window PF negative-lambda cone-entry prefix k30 scout (promoted finite evidence, 0.314s)
OK core gate: Jensen-window PF negative-lambda cone-entry prefix k50 scout (promoted finite evidence, 0.414s)
OK core gate: Jensen-window PF negative-lambda cone-entry prefix k60 scout (promoted finite evidence, 0.623s)
OK core gate: Jensen-window PF negative-lambda cone-entry prefix k80 scout (promoted finite evidence, 0.349s)
OK core gate: Jensen-window PF negative-lambda cone-entry prefix k100 scout (promoted finite evidence, 0.403s)
OK core gate: Jensen-window PF negative-lambda cone-entry prefix k150 scout (promoted finite evidence, 0.416s)
OK core gate: Jensen-window PF negative-lambda cone-entry prefix k200 scout (promoted finite evidence, 0.387s)
OK core gate: Jensen-window PF negative-lambda finite-collar contract (finite theorem-search diagnostics, 0.358s)
OK core gate: Jensen-window PF negative-lambda finite-collar k30 contract (finite theorem-search diagnostics, 0.371s)
OK core gate: Jensen-window PF negative-lambda finite-collar k50 contract (finite theorem-search diagnostics, 0.358s)
OK core gate: Jensen-window PF negative-lambda finite-collar k60 contract (finite theorem-search diagnostics, 0.33s)
OK core gate: Jensen-window PF negative-lambda finite-collar k80 contract (finite theorem-search diagnostics, 0.322s)
OK core gate: Jensen-window PF negative-lambda finite-collar k100 contract (finite theorem-search diagnostics, 0.315s)
OK core gate: Jensen-window PF negative-lambda finite-collar k150 contract (finite theorem-search diagnostics, 0.316s)
OK core gate: Jensen-window PF negative-lambda finite-collar k200 contract (finite theorem-search diagnostics, 0.447s)
OK core gate: Jensen-window PF negative-lambda tail-barrier scout (finite theorem-search diagnostics, 0.35s)
OK core gate: Jensen-window PF negative-lambda tail-barrier k30 scout (finite theorem-search diagnostics, 0.319s)
OK core gate: Jensen-window PF negative-lambda tail-barrier k50 scout (finite theorem-search diagnostics, 0.376s)
OK core gate: Jensen-window PF negative-lambda tail-barrier k60 scout (finite theorem-search diagnostics, 0.31s)
OK core gate: Jensen-window PF negative-lambda tail-barrier k80 scout (finite theorem-search diagnostics, 0.308s)
OK core gate: Jensen-window PF negative-lambda tail-barrier k100 scout (finite theorem-search diagnostics, 0.346s)
OK core gate: Jensen-window PF negative-lambda tail-barrier k150 scout (finite theorem-search diagnostics, 0.328s)
OK core gate: Jensen-window PF negative-lambda tail-barrier k200 scout (finite theorem-search diagnostics, 0.305s)
OK core gate: Jensen-window PF negative-lambda scaled-defect frontier k50 scout (finite theorem-search diagnostics, 0.355s)
OK core gate: Jensen-window PF negative-lambda scaled-defect frontier k60 scout (finite theorem-search diagnostics, 0.32s)
OK core gate: Jensen-window PF negative-lambda scaled-defect frontier k80 scout (finite theorem-search diagnostics, 0.316s)
OK core gate: Jensen-window PF negative-lambda scaled-defect frontier k100 scout (finite theorem-search diagnostics, 0.35s)
OK core gate: Jensen-window PF negative-lambda scaled-defect frontier k150 scout (finite theorem-search diagnostics, 0.389s)
OK core gate: Jensen-window PF negative-lambda scaled-defect frontier k200 scout (finite theorem-search diagnostics, 0.321s)
OK core gate: Jensen-window PF negative-lambda defect-recurrence scout (finite theorem-search diagnostics, 0.297s)
OK core gate: Jensen-window PF negative-lambda log-curvature bridge (finite theorem-search diagnostics, 0.35s)
OK core gate: Jensen-window PF negative-lambda bounded log-curvature target (finite theorem-search diagnostics, 0.376s)
OK core gate: Jensen-window PF negative-lambda bounded log-curvature k300 obstruction (non-promotion guards, 0.644s)
OK core gate: Jensen-window PF negative-lambda Gaussian curvature matrix (finite theorem-search diagnostics, 0.357s)
OK core gate: Jensen-window PF negative-lambda signed Gaussian perturbation matrix (finite theorem-search diagnostics, 0.279s)
OK core gate: Jensen-window PF negative-lambda uniform remainder target (open theorem target hygiene, 0.413s)
OK core gate: Jensen-window PF negative-lambda Taylor moment budget (finite theorem-search diagnostics, 0.611s)
OK core gate: Jensen-window PF negative-lambda high-order Taylor scout (finite theorem-search diagnostics, 0.724s)
OK core gate: Jensen-window PF negative-lambda defect-tail theorem target (open theorem target hygiene, 0.312s)
OK core gate: Jensen-window PF negative-lambda half-width tail target (open theorem target hygiene, 0.295s)
OK core gate: Jensen-window PF negative-lambda adaptive scaled-defect target (open theorem target hygiene, 0.295s)
OK core gate: Jensen-window PF negative-lambda adaptive envelope matrix (finite theorem-search diagnostics, 0.429s)
OK core gate: Jensen-window PF negative-lambda adaptive envelope obligations (exact theorem-search algebra, 2.006s)
OK core gate: Jensen-window PF negative-lambda raw-moment bridge matrix (exact theorem-search algebra, 2.64s)
OK core gate: Jensen-window PF negative-lambda raw-ratio decrement-corridor scout (finite theorem-search diagnostics, 2.363s)
OK core gate: Jensen-window PF negative-lambda k300 precision-repair audit (finite theorem-search diagnostics, 0.521s)
OK core gate: Jensen-window PF negative-lambda raw-log decrement bridge (exact theorem-search algebra, 2.877s)
OK core gate: Jensen-window PF negative-lambda coefficient-curvature corridor bridge (exact theorem-search algebra, 2.509s)
OK core gate: Jensen-window PF negative-lambda linear curvature-barrier scout (exact theorem-search algebra, 2.3s)
OK core gate: Jensen-window PF negative-lambda scaled-curvature monotonicity target (open theorem target hygiene, 2.131s)
OK core gate: Jensen-window PF negative-lambda scaled-curvature log-ceiling bridge (exact theorem-search algebra, 2.684s)
OK core gate: Jensen-window PF negative-lambda relative-Gaussian curvature bridge (exact theorem-search algebra, 2.157s)
OK core gate: Jensen-window PF negative-lambda relative-Gaussian Taylor stencil scout (finite theorem-search diagnostics, 3.427s)
OK core gate: Jensen-window PF negative-lambda relative-Gaussian stencil remainder obligations (exact theorem-search algebra, 2.751s)
OK core gate: Jensen-window PF negative-lambda relative-Gaussian pointwise tail budget (exact theorem-search algebra, 1.755s)
OK core gate: Jensen-window PF negative-lambda relative-Gaussian next-increment stencil stress (finite theorem-search diagnostics, 2.527s)
OK core gate: Jensen-window PF negative-lambda relative-Gaussian degree-16 stencil continuation (finite theorem-search diagnostics, 0.686s)
OK core gate: Jensen-window PF negative-lambda relative-Gaussian degree-16 collar scan (finite theorem-search diagnostics, 4.954s)
OK core gate: Jensen-window PF negative-lambda relative-Gaussian degree-16 real-T collar scout (finite theorem-search diagnostics, 64.817s)
OK core gate: Jensen-window PF negative-lambda relative-Gaussian degree-16 Arb real-T collar certificate (finite theorem-search diagnostics, 0.402s)
OK core gate: Jensen-window PF negative-lambda relative-Gaussian degree-40 Arb collar ladder stress (finite theorem-search diagnostics, 4.449s)
OK core gate: Jensen-window PF negative-lambda relative-Gaussian degree-40 residual tail budget (exact theorem-search algebra, 6.53s)
OK core gate: Jensen-window PF negative-lambda relative-Gaussian asymptotic remainder target (exact theorem-search algebra, 0.279s)
OK core gate: Jensen-window PF negative-lambda relative-Gaussian actual endpoint remainder scout (finite theorem-search diagnostics, 2.331s)
OK core gate: Jensen-window PF negative-lambda relative-Gaussian intervalization target (open theorem target hygiene, 0.212s)
OK core gate: Jensen-window PF negative-lambda relative-Gaussian Phi tail bound scout (finite theorem-search diagnostics, 1.674s)
OK core gate: Jensen-window PF negative-lambda relative-Gaussian node-c0 range certificate (finite theorem-search diagnostics, 0.395s)
OK core gate: Jensen-window PF negative-lambda relative-Gaussian Phi-tail grid certificate (finite theorem-search diagnostics, 0.29s)
OK core gate: Jensen-window PF negative-lambda relative-Gaussian quadrature ladder scout (finite theorem-search diagnostics, 20.494s)
OK core gate: Jensen-window PF negative-lambda relative-Gaussian quadrature-remainder route matrix (finite theorem-search diagnostics, 0.4s)
OK core gate: Jensen-window PF negative-lambda relative-Gaussian worst-row far-tail split certificate (finite theorem-search diagnostics, 1.122s)
OK core gate: Jensen-window PF negative-lambda relative-Gaussian worst-row compact-interval integration scout (finite theorem-search diagnostics, 2.036s)
OK core gate: Jensen-window PF negative-lambda relative-Gaussian worst-row Chebyshev panel-moment scout (finite theorem-search diagnostics, 26.311s)
OK core gate: Jensen-window PF negative-lambda relative-Gaussian worst-row Arb Chebyshev interpolant-moment scout (finite theorem-search diagnostics, 7.31s)
OK core gate: Jensen-window PF negative-lambda relative-Gaussian worst-row interpolation-remainder route matrix (finite theorem-search diagnostics, 0.357s)
OK core gate: Jensen-window PF negative-lambda relative-Gaussian endpoint parity-repair matrix (finite theorem-search diagnostics, 0.542s)
OK core gate: Jensen-window PF negative-lambda relative-Gaussian endpoint x-panel route matrix (finite theorem-search diagnostics, 0.279s)
OK core gate: Jensen-window PF negative-lambda relative-Gaussian first-omitted denominator certificate (finite theorem-search diagnostics, 1.232s)
OK core gate: Jensen-window PF negative-lambda relative-Gaussian coefficient-core propagation certificate (finite theorem-search diagnostics, 1.38s)
OK core gate: Jensen-window PF negative-lambda relative-Gaussian worst-row Laguerre root-bracket certificate (finite theorem-search diagnostics, 35.51s)
OK core gate: Jensen-window PF negative-lambda relative-Gaussian worst-row Christoffel-weight midpoint scout (finite theorem-search diagnostics, 3.491s)
OK core gate: Jensen-window PF negative-lambda relative-Gaussian worst-row Christoffel-weight interval certificate (finite theorem-search diagnostics, 77.348s)
OK core gate: Jensen-window PF negative-lambda relative-Gaussian worst-row finite-part weighted-sum interval certificate (finite theorem-search diagnostics, 293.985s)
OK core gate: Jensen-window PF negative-lambda relative-Gaussian worst-row finite-plus-tail budget certificate (finite theorem-search diagnostics, 0.184s)
OK core gate: Jensen-window PF negative-lambda raw-moment obstruction matrix (non-promotion guards, 0.163s)
OK core gate: Jensen-window PF negative-lambda zeta-specific raw-corridor target (open theorem target hygiene, 1.364s)
OK core gate: Jensen-window PF monotone contraction stress (finite theorem-search diagnostics, 0.183s)
OK core gate: Jensen-window PF state-space sign-lift obstruction scout (finite theorem-search diagnostics, 0.17s)
OK core gate: Jensen-window PF Cauchy-Binet low-degree scout (exact theorem-search algebra, 0.159s)
OK core gate: Jensen-window PF log-concavity frontier scout (exact theorem-search algebra, 0.148s)
OK core gate: Jensen-window PF ratio-condition scout (exact theorem-search algebra, 0.148s)
OK core gate: Jensen-window PF contraction-log-concavity scout (exact theorem-search algebra, 0.175s)
OK core gate: sign-regularity theorem fit matrix (open theorem target hygiene, 0.16s)
OK core gate: positive Schur-specialization target note (open theorem target hygiene, 0.156s)
OK core gate: Edrei-log sign diagnostics (promoted finite evidence, 0.165s)
OK core gate: Edrei midpoint frontier non-promotion guard (non-promotion guards, 0.186s)
OK core gate: Edrei power-Hankel boundary repair manifest (promoted finite evidence, 0.166s)
OK core gate: Edrei moment-recurrence scout manifest (finite theorem-search diagnostics, 0.162s)
validated 153/153 core proof-programme gates
